Démarré par l'utilisateur [8mha:////4PSeV/gSjQLO0vEYj8tbHH5v/ZX+0h2VYZCig1WRudGCAAAAlx+LCAAAAAAAAP9b85aBtbiIQTGjNKU4P08vOT+vOD8nVc83PyU1x6OyILUoJzMv2y+/JJUBAhiZGBgqihhk0NSjKDWzXb3RdlLBUSYGJk8GtpzUvPSSDB8G5tKinBIGIZ+sxLJE/ZzEvHT94JKizLx0a6BxUmjGOUNodHsLgAyuEgZu/dLi1CL9pMSqzDwABV0DEMAAAAA=[0mBazin Theo
Exécution en tant que SYSTEM
En cours de construction dans le répertoire de travail C:\Users\33620\.jenkins\workspace\TP1 - Marven Build
[TP1 - Marven Build] $ cmd.exe /C "mvn clean test && exit %%ERRORLEVEL%%"
[INFO] Scanning for projects...
[INFO] ------------------------------------------------------------------------
[INFO] BUILD FAILURE
[INFO] ------------------------------------------------------------------------
[INFO] Total time:  0.141 s
[INFO] Finished at: 2024-04-15T08:23:21+02:00
[INFO] ------------------------------------------------------------------------
[8mha:////4BskAWHP4L5vCbkXM7+K8L4HrTdtVt3UOqD53UEbdO4nAAAAYB+LCAAAAAAAAP9b85aBtbiIQSmjNKU4P0+vJLE4u1gvPjexLDVPzxdEuhYV5Rf55Zek1m9pfpLfVWLNxMBQUcQgBdWQnJ9XnJ+TqucMoUEKGSCAEaSwAABqVhoSYAAAAA==[0m[ERROR] The goal you specified requires a project to execute but there is no POM in this directory (C:\Users\33620\.jenkins\workspace\TP1 - Marven Build). Please verify you invoked Maven from the correct directory. -> [Help 1]
[8mha:////4BskAWHP4L5vCbkXM7+K8L4HrTdtVt3UOqD53UEbdO4nAAAAYB+LCAAAAAAAAP9b85aBtbiIQSmjNKU4P0+vJLE4u1gvPjexLDVPzxdEuhYV5Rf55Zek1m9pfpLfVWLNxMBQUcQgBdWQnJ9XnJ+TqucMoUEKGSCAEaSwAABqVhoSYAAAAA==[0m[ERROR] 
[8mha:////4BskAWHP4L5vCbkXM7+K8L4HrTdtVt3UOqD53UEbdO4nAAAAYB+LCAAAAAAAAP9b85aBtbiIQSmjNKU4P0+vJLE4u1gvPjexLDVPzxdEuhYV5Rf55Zek1m9pfpLfVWLNxMBQUcQgBdWQnJ9XnJ+TqucMoUEKGSCAEaSwAABqVhoSYAAAAA==[0m[ERROR] To see the full stack trace of the errors, re-run Maven with the -e switch.
[8mha:////4BskAWHP4L5vCbkXM7+K8L4HrTdtVt3UOqD53UEbdO4nAAAAYB+LCAAAAAAAAP9b85aBtbiIQSmjNKU4P0+vJLE4u1gvPjexLDVPzxdEuhYV5Rf55Zek1m9pfpLfVWLNxMBQUcQgBdWQnJ9XnJ+TqucMoUEKGSCAEaSwAABqVhoSYAAAAA==[0m[ERROR] Re-run Maven using the -X switch to enable full debug logging.
[8mha:////4BskAWHP4L5vCbkXM7+K8L4HrTdtVt3UOqD53UEbdO4nAAAAYB+LCAAAAAAAAP9b85aBtbiIQSmjNKU4P0+vJLE4u1gvPjexLDVPzxdEuhYV5Rf55Zek1m9pfpLfVWLNxMBQUcQgBdWQnJ9XnJ+TqucMoUEKGSCAEaSwAABqVhoSYAAAAA==[0m[ERROR] 
[8mha:////4BskAWHP4L5vCbkXM7+K8L4HrTdtVt3UOqD53UEbdO4nAAAAYB+LCAAAAAAAAP9b85aBtbiIQSmjNKU4P0+vJLE4u1gvPjexLDVPzxdEuhYV5Rf55Zek1m9pfpLfVWLNxMBQUcQgBdWQnJ9XnJ+TqucMoUEKGSCAEaSwAABqVhoSYAAAAA==[0m[ERROR] For more information about the errors and possible solutions, please read the following articles:
[8mha:////4BskAWHP4L5vCbkXM7+K8L4HrTdtVt3UOqD53UEbdO4nAAAAYB+LCAAAAAAAAP9b85aBtbiIQSmjNKU4P0+vJLE4u1gvPjexLDVPzxdEuhYV5Rf55Zek1m9pfpLfVWLNxMBQUcQgBdWQnJ9XnJ+TqucMoUEKGSCAEaSwAABqVhoSYAAAAA==[0m[ERROR] [Help 1] http://cwiki.apache.org/confluence/display/MAVEN/MissingProjectException
Build step 'Invoquer les cibles Maven de haut niveau' marked build as failure
Enregistrement des résultats des tests
ERROR: Step ‘Publier le rapport des résultats des tests JUnit’ failed: Aucun fichier de rapport de test n'a été trouvé. Erreur de configuration?
Finished: FAILURE
